2025-10-06 01:56:05,813 - Bacho booked Room 102 for $160
2025-10-06 01:59:01,756 - Bacho booked Room 101 for $50
2025-10-06 02:02:08,360 - Bacho booked Room 102 for $160
2025-10-06 02:02:19,596 - Bacho booked Room 101 for $50
2025-10-06 02:08:24,375 - Bacho booked Room 101 for $50
2025-10-06 02:09:06,372 - Bacho booked Room 101 for $50
2025-10-09 01:14:07,796 - Bacho booked Room 101 for $50
2025-10-09 01:16:56,499 - \u10d2\u10d8\u10dd\u10e0\u10d2\u10d8 booked Room 102 for $240.0
2025-10-09 01:16:56,528 - \u10db\u10d0\u10e0\u10d8\u10d0\u10db\u10d8 booked Room 101 for $100.0
2025-10-09 01:17:42,517 - \u10d2\u10d8\u10dd\u10e0\u10d2\u10d8 booked Room 102 for $240.0
2025-10-09 01:17:42,517 - \u10db\u10d0\u10e0\u10d8\u10d0\u10db\u10d8 booked Room 101 for $100.0
2025-10-09 01:17:42,562 - \u10d2\u10d8\u10dd\u10e0\u10d2\u10d8 canceled Room 102 - Refunded $240.0
2025-10-09 01:18:25,502 - \u10d2\u10d8\u10dd\u10e0\u10d2\u10d8 booked Room 102 for $240.0
2025-10-09 01:18:25,502 - \u10db\u10d0\u10e0\u10d8\u10d0\u10db\u10d8 booked Room 101 for $100.0
2025-10-09 01:18:25,502 - \u10d2\u10d8\u10dd\u10e0\u10d2\u10d8 canceled Room 102 - Refunded $240.0
2025-10-09 01:21:04,130 - \u10d2\u10d8\u10dd\u10e0\u10d2\u10d8 booked Room 102 for $240.0
2025-10-09 01:21:04,131 - \u10db\u10d0\u10e0\u10d8\u10d0\u10db\u10d8 booked Room 101 for $100.0
2025-10-09 01:21:04,131 - \u10d2\u10d8\u10dd\u10e0\u10d2\u10d8 canceled Room 102 - Refunded $240.0
2025-10-09 01:22:43,486 - \u10d2\u10d8\u10dd\u10e0\u10d2\u10d8 booked Room 102 for $240.0
2025-10-09 01:22:43,486 - \u10db\u10d0\u10e0\u10d8\u10d0\u10db\u10d8 booked Room 101 for $100.0
2025-10-09 01:22:43,486 - \u10d2\u10d8\u10dd\u10e0\u10d2\u10d8 canceled Room 102 - Refunded $240.0
2025-10-09 01:23:24,501 - \u10d2\u10d8\u10dd\u10e0\u10d2\u10d8 booked Room 102 for $240.0
2025-10-09 01:23:24,502 - \u10db\u10d0\u10e0\u10d8\u10d0\u10db\u10d8 booked Room 101 for $100.0
2025-10-09 01:23:24,502 - \u10d2\u10d8\u10dd\u10e0\u10d2\u10d8 canceled Room 102 - Refunded $240.0
2025-10-09 01:25:56,067 - Bacho booked Room 102 for $240.0
2025-10-09 01:25:56,067 - Mariami booked Room 101 for $100.0
2025-10-09 01:25:56,068 - Bacho canceled Room 102 - Refunded $240.0
2025-10-09 01:33:05,934 - \u10d2\u10d8\u10dd\u10e0\u10d2\u10d8-\u10db \u10d3\u10d0\u10ef\u10d0\u10d5\u10e8\u10dc\u10d0 \u10dd\u10d7\u10d0\u10ee\u10d8 102 $240.0-\u10d0\u10d3
2025-10-09 01:33:05,934 - \u10db\u10d0\u10e0\u10d8\u10d0\u10db\u10d8-\u10db \u10d3\u10d0\u10ef\u10d0\u10d5\u10e8\u10dc\u10d0 \u10dd\u10d7\u10d0\u10ee\u10d8 101 $100.0-\u10d0\u10d3
2025-10-09 01:33:56,855 - \u10d2\u10d8\u10dd\u10e0\u10d2\u10d8-\u10db \u10d3\u10d0\u10ef\u10d0\u10d5\u10e8\u10dc\u10d0 \u10dd\u10d7\u10d0\u10ee\u10d8 102 $240.0-\u10d0\u10d3
2025-10-09 01:33:56,856 - \u10db\u10d0\u10e0\u10d8\u10d0\u10db\u10d8-\u10db \u10d3\u10d0\u10ef\u10d0\u10d5\u10e8\u10dc\u10d0 \u10dd\u10d7\u10d0\u10ee\u10d8 101 $100.0-\u10d0\u10d3
2025-10-09 01:33:56,856 - \u10d2\u10d8\u10dd\u10e0\u10d2\u10d8-\u10db \u10d2\u10d0\u10d0\u10e3\u10e5\u10db\u10d0 \u10dd\u10d7\u10d0\u10ee\u10d8 102 - \u10d3\u10d0\u10d1\u10e0\u10e3\u10dc\u10d3\u10d0 $240.0
2025-10-09 01:50:53,782 - \u10d2\u10d8\u10dd\u10e0\u10d2\u10d8-\u10db \u10d3\u10d0\u10ef\u10d0\u10d5\u10e8\u10dc\u10d0 \u10dd\u10d7\u10d0\u10ee\u10d8 102 $240.0-\u10d0\u10d3
2025-10-09 01:50:53,782 - \u10db\u10d0\u10e0\u10d8\u10d0\u10db\u10d8-\u10db \u10d3\u10d0\u10ef\u10d0\u10d5\u10e8\u10dc\u10d0 \u10dd\u10d7\u10d0\u10ee\u10d8 101 $100.0-\u10d0\u10d3
2025-10-09 01:50:53,782 - \u10d2\u10d8\u10dd\u10e0\u10d2\u10d8-\u10db \u10d2\u10d0\u10d0\u10e3\u10e5\u10db\u10d0 \u10dd\u10d7\u10d0\u10ee\u10d8 102 - \u10d3\u10d0\u10d1\u10e0\u10e3\u10dc\u10d3\u10d0 $240.0
2025-10-09 01:51:15,949 - \u10d2\u10d8\u10dd\u10e0\u10d2\u10d8-\u10db \u10d3\u10d0\u10ef\u10d0\u10d5\u10e8\u10dc\u10d0 \u10dd\u10d7\u10d0\u10ee\u10d8 102 $240.0-\u10d0\u10d3
2025-10-09 01:51:15,949 - \u10db\u10d0\u10e0\u10d8\u10d0\u10db\u10d8-\u10db \u10d3\u10d0\u10ef\u10d0\u10d5\u10e8\u10dc\u10d0 \u10dd\u10d7\u10d0\u10ee\u10d8 101 $100.0-\u10d0\u10d3
2025-10-09 01:51:15,950 - \u10d2\u10d8\u10dd\u10e0\u10d2\u10d8-\u10db \u10d2\u10d0\u10d0\u10e3\u10e5\u10db\u10d0 \u10dd\u10d7\u10d0\u10ee\u10d8 102 - \u10d3\u10d0\u10d1\u10e0\u10e3\u10dc\u10d3\u10d0 $240.0
2025-10-09 01:52:28,943 - Bacho-\u10db \u10d3\u10d0\u10ef\u10d0\u10d5\u10e8\u10dc\u10d0 \u10dd\u10d7\u10d0\u10ee\u10d8 102 $240.0-\u10d0\u10d3
2025-10-09 01:52:28,943 - Mariami-\u10db \u10d3\u10d0\u10ef\u10d0\u10d5\u10e8\u10dc\u10d0 \u10dd\u10d7\u10d0\u10ee\u10d8 101 $100.0-\u10d0\u10d3
2025-10-09 01:52:28,944 - Bacho-\u10db \u10d2\u10d0\u10d0\u10e3\u10e5\u10db\u10d0 \u10dd\u10d7\u10d0\u10ee\u10d8 102 - \u10d3\u10d0\u10d1\u10e0\u10e3\u10dc\u10d3\u10d0 $240.0
2025-10-09 01:55:16,315 - Bacho-\u10db \u10d3\u10d0\u10ef\u10d0\u10d5\u10e8\u10dc\u10d0 \u10dd\u10d7\u10d0\u10ee\u10d8 101 $50-\u10d0\u10d3
2025-10-09 20:22:00,373 - Giorgi-\u10db \u10d3\u10d0\u10ef\u10d0\u10d5\u10e8\u10dc\u10d0 \u10dd\u10d7\u10d0\u10ee\u10d8 101 $100.0-\u10d0\u10d3
2025-10-09 20:22:00,374 - Nino-\u10db \u10d3\u10d0\u10ef\u10d0\u10d5\u10e8\u10dc\u10d0 \u10dd\u10d7\u10d0\u10ee\u10d8 103 $150.0-\u10d0\u10d3
2025-10-09 20:22:00,374 - Giorgi-\u10db \u10d2\u10d0\u10d0\u10e3\u10e5\u10db\u10d0 \u10dd\u10d7\u10d0\u10ee\u10d8 101 - \u10d3\u10d0\u10d1\u10e0\u10e3\u10dc\u10d3\u10d0 $100.0
2025-10-09 20:39:42,155 - Bacho-მ დაჯავშნა ოთახი 101 $50-ად
2025-10-09 20:41:58,434 - Giorgi-მ დაჯავშნა ოთახი 101 $100.0-ად
2025-10-09 20:41:58,435 - Nino-მ დაჯავშნა ოთახი 103 $150.0-ად
2025-10-09 20:41:58,435 - Giorgi-მ გააუქმა ოთახი 101 - დაბრუნდა $100.0
2025-10-09 20:44:21,767 - Giorgi-მ დაჯავშნა ოთახი 101 $100.0-ად
2025-10-09 20:44:21,767 - Nino-მ დაჯავშნა ოთახი 103 $150.0-ად
2025-10-09 20:44:21,767 - Giorgi-მ გააუქმა ოთახი 101 - დაბრუნდა $100.0
2025-10-09 20:44:21,772 - Bacho-მ დაჯავშნა ოთახი 101 $50-ად
